<?xml version="1.0" encoding="UTF-8"?>
<testng-results skipped="0" failed="0" ignored="2" total="4" passed="2">
  <reporter-output>
  </reporter-output>
  <suite name="MainPageSuite" duration-ms="22116" started-at="2018-01-26T11:49:07Z" finished-at="2018-01-26T11:49:29Z">
    <groups>
      <group name="login">
        <method signature="LoginTest.login()[pri:1, instance:com.tests.LoginTest@17550481]" name="login" class="com.tests.LoginTest"/>
        <method signature="LoginTest.login()[pri:1, instance:com.tests.LoginTest@3cbbc1e0]" name="login" class="com.tests.LoginTest"/>
      </group> <!-- login -->
    </groups>
    <test name="LoginTest-FF" duration-ms="15850" started-at="2018-01-26T11:49:07Z" finished-at="2018-01-26T11:49:22Z">
      <class name="com.tests.LoginTest">
        <test-method status="PASS" signature="setUpClass(org.testng.ITestContext)[pri:0, instance:com.tests.LoginTest@17550481]" name="setUpClass" is-config="true" duration-ms="67" started-at="2018-01-26T13:49:07Z" finished-at="2018-01-26T13:49:07Z">
          <params>
            <param index="0">
              <value>
                <![CDATA[org.testng.TestRunner@7486b455]]>
              </value>
            </param>
          </params>
          <reporter-output>
          </reporter-output>
        </test-method> <!-- setUpClass -->
        <test-method status="PASS" signature="setUp(java.lang.String)[pri:0, instance:com.tests.LoginTest@17550481]" name="setUp" is-config="true" duration-ms="13516" started-at="2018-01-26T13:49:07Z" finished-at="2018-01-26T13:49:20Z">
          <params>
            <param index="0">
              <value>
                <![CDATA[firefox]]>
              </value>
            </param>
          </params>
          <reporter-output>
          </reporter-output>
        </test-method> <!-- setUp -->
        <test-method status="PASS" signature="login()[pri:1, instance:com.tests.LoginTest@17550481]" name="login" duration-ms="1560" started-at="2018-01-26T13:49:20Z" finished-at="2018-01-26T13:49:22Z">
          <reporter-output>
          </reporter-output>
        </test-method> <!-- login -->
        <test-method status="PASS" signature="tearDown()[pri:0, instance:com.tests.LoginTest@17550481]" name="tearDown" is-config="true" duration-ms="631" started-at="2018-01-26T13:49:22Z" finished-at="2018-01-26T13:49:22Z">
          <reporter-output>
          </reporter-output>
        </test-method> <!-- tearDown -->
      </class> <!-- com.tests.LoginTest -->
    </test> <!-- LoginTest-FF -->
    <test name="LoginTest-CH" duration-ms="6240" started-at="2018-01-26T11:49:22Z" finished-at="2018-01-26T11:49:29Z">
      <class name="com.tests.LoginTest">
        <test-method status="PASS" signature="setUpClass(org.testng.ITestContext)[pri:0, instance:com.tests.LoginTest@3cbbc1e0]" name="setUpClass" is-config="true" duration-ms="0" started-at="2018-01-26T13:49:22Z" finished-at="2018-01-26T13:49:22Z">
          <params>
            <param index="0">
              <value>
                <![CDATA[org.testng.TestRunner@660acfb]]>
              </value>
            </param>
          </params>
          <reporter-output>
          </reporter-output>
        </test-method> <!-- setUpClass -->
        <test-method status="PASS" signature="setUp(java.lang.String)[pri:0, instance:com.tests.LoginTest@3cbbc1e0]" name="setUp" is-config="true" duration-ms="3130" started-at="2018-01-26T13:49:22Z" finished-at="2018-01-26T13:49:26Z">
          <params>
            <param index="0">
              <value>
                <![CDATA[chrome]]>
              </value>
            </param>
          </params>
          <reporter-output>
          </reporter-output>
        </test-method> <!-- setUp -->
        <test-method status="PASS" signature="login()[pri:1, instance:com.tests.LoginTest@3cbbc1e0]" name="login" duration-ms="2955" started-at="2018-01-26T13:49:26Z" finished-at="2018-01-26T13:49:29Z">
          <reporter-output>
          </reporter-output>
        </test-method> <!-- login -->
        <test-method status="PASS" signature="tearDown()[pri:0, instance:com.tests.LoginTest@3cbbc1e0]" name="tearDown" is-config="true" duration-ms="147" started-at="2018-01-26T13:49:29Z" finished-at="2018-01-26T13:49:29Z">
          <reporter-output>
          </reporter-output>
        </test-method> <!-- tearDown -->
      </class> <!-- com.tests.LoginTest -->
    </test> <!-- LoginTest-CH -->
  </suite> <!-- MainPageSuite -->
</testng-results>
